<?xml version="1.0" encoding="UTF-8"?>
<!-- Generated by org.testng.reporters.JUnitReportReporter -->
<testsuite skipped="0" hostname="Denyss-MBP.home" name="day18.TestCase2" tests="2" failures="0" timestamp="2020-02-22T16:32:41 EST" time="0.002" errors="0">
  <testcase name="tm3" time="0.001" classname="day18.TestCase2"/>
  <testcase name="tm4" time="0.001" classname="day18.TestCase2"/>
</testsuite> <!-- day18.TestCase2 -->
