<?xml version="1.0" encoding="UTF-8"?>
<!-- Generated by org.testng.reporters.JUnitReportReporter -->
<testsuite hostname="Denyss-MBP.home" name="day18.NopCommerceLogin" tests="3" failures="0" timestamp="3 Mar 2020 21:42:53 GMT" time="14.568" errors="0">
  <testcase name="tearDown" time="2.668" classname="day18.NopCommerceLogin"/>
  <testcase name="setup" time="5.528" classname="day18.NopCommerceLogin"/>
  <testcase name="login" time="6.372" classname="day18.NopCommerceLogin"/>
</testsuite> <!-- day18.NopCommerceLogin -->
