<?xml version="1.0" encoding="UTF-8"?>
<!-- Generated by org.testng.reporters.JUnitReportReporter -->
<testsuite skipped="0" hostname="Denyss-MBP.home" name="day19.Annotations2" tests="3" failures="0" timestamp="2020-02-23T20:21:28 EST" time="0.007" errors="0">
  <testcase name="search" time="0.005" classname="day19.Annotations2"/>
  <testcase name="advancedSearch" time="0.001" classname="day19.Annotations2"/>
  <testcase name="recharge" time="0.001" classname="day19.Annotations2"/>
</testsuite> <!-- day19.Annotations2 -->
