<?xml version="1.0" encoding="UTF-8"?>
<!-- Generated by org.testng.reporters.JUnitReportReporter -->
<testsuite hostname="Denyss-MBP.home" name="pom.LoginTest" tests="1" failures="0" timestamp="1 Mar 2020 22:45:22 GMT" time="1.468" errors="0">
  <testcase name="loginTest" time="1.468" classname="pom.LoginTest"/>
</testsuite> <!-- pom.LoginTest -->
