<?xml version="1.0" encoding="UTF-8"?>
<!-- Generated by org.testng.reporters.JUnitReportReporter -->
<testsuite skipped="0" hostname="Denyss-MBP.home" name="day19.Annotations1" tests="3" failures="0" timestamp="2020-02-23T20:17:33 EST" time="0.017" errors="0">
  <testcase name="search" time="0.007" classname="day19.Annotations1"/>
  <testcase name="advancedSearch" time="0.007" classname="day19.Annotations1"/>
  <testcase name="recharge" time="0.003" classname="day19.Annotations1"/>
</testsuite> <!-- day19.Annotations1 -->
