<?xml version="1.0" encoding="UTF-8"?>
<!-- Generated by org.testng.reporters.JUnitReportReporter -->
<testsuite skipped="0" hostname="Denyss-MBP.home" name="day19.Grouping" tests="2" failures="0" timestamp="2020-02-25T05:10:17 EST" time="0.010" errors="0">
  <testcase name="loginByFacebook" time="0.008" classname="day19.Grouping"/>
  <testcase name="loginByTwitter" time="0.002" classname="day19.Grouping"/>
</testsuite> <!-- day19.Grouping -->
