<?xml version="1.0" encoding="UTF-8"?>
<!-- Generated by org.testng.reporters.JUnitReportReporter -->
<testsuite skipped="0" hostname="Denyss-MBP.home" name="day18.TestCase1" tests="2" failures="0" timestamp="2020-02-22T16:32:41 EST" time="0.014" errors="0">
  <testcase name="tm1" time="0.013" classname="day18.TestCase1"/>
  <testcase name="tm2" time="0.001" classname="day18.TestCase1"/>
</testsuite> <!-- day18.TestCase1 -->
