<?xml version="1.0" encoding="UTF-8"?>
<!-- Generated by org.testng.reporters.JUnitReportReporter -->
<testsuite skipped="0" hostname="Denyss-MBP.home" name="day20.ParametersDemo" tests="6" failures="0" timestamp="2020-02-27T17:23:39 EST" time="0.144" errors="0">
  <testcase name="testLogoPresete" time="0.033" classname="day20.ParametersDemo"/>
  <testcase name="testLogoPresete" time="0.029" classname="day20.ParametersDemo"/>
  <testcase name="testLogoPresete" time="0.066" classname="day20.ParametersDemo"/>
  <testcase name="homePageTitle" time="0.008" classname="day20.ParametersDemo"/>
  <testcase name="homePageTitle" time="0.004" classname="day20.ParametersDemo"/>
  <testcase name="homePageTitle" time="0.004" classname="day20.ParametersDemo"/>
</testsuite> <!-- day20.ParametersDemo -->
