<?xml version="1.0" encoding="UTF-8"?>
<!-- Generated by org.testng.reporters.JUnitReportReporter -->
<testsuite hostname="Denyss-MBP.home" name="Screenshot" tests="1" failures="0" timestamp="3 Mar 2020 22:55:35 GMT" time="11.466" errors="0">
  <testcase name="ScreenShotOfaSectionInaPage" time="11.466" classname="Screenshot"/>
</testsuite> <!-- Screenshot -->
