<?xml version="1.0" encoding="UTF-8"?>
<!-- Generated by org.testng.reporters.JUnitReportReporter -->
<testsuite skipped="0" hostname="Denyss-MBP.home" name="day19.test.Test2" tests="2" failures="0" timestamp="2020-02-24T19:58:14 EST" time="0.002" errors="0">
  <testcase name="m3" time="0.001" classname="day19.test.Test2"/>
  <testcase name="m4" time="0.001" classname="day19.test.Test2"/>
</testsuite> <!-- day19.test.Test2 -->
