<?xml version="1.0" encoding="UTF-8"?>
<!-- Generated by org.testng.reporters.JUnitReportReporter -->
<testsuite skipped="0" hostname="Denyss-MBP.home" name="day18.FirstTestNGTestCase" tests="4" failures="0" timestamp="2020-02-22T15:35:41 EST" time="0.013" errors="0">
  <testcase name="launchBroser" time="0.011" classname="day18.FirstTestNGTestCase"/>
  <testcase name="openURL" time="0.001" classname="day18.FirstTestNGTestCase"/>
  <testcase name="loginToApp" time="0.001" classname="day18.FirstTestNGTestCase"/>
  <testcase name="logOut" time="0.000" classname="day18.FirstTestNGTestCase"/>
</testsuite> <!-- day18.FirstTestNGTestCase -->
